<?xml version="1.0" encoding="UTF-8"?>
<!-- Generated by org.testng.reporters.JUnitXMLReporter -->
<testsuite ignored="0" hostname="DESKTOP-2AFDCIK" failures="0" tests="4" name="Sub Tests" time="0.034" errors="0" timestamp="04 июл. 2018 18:22:08 GMT">
  <testcase classname="com.epam.cdp.calc_unit_tests.tests.SubCalcTestDouble" name="subTest" time="0.007"/>
  <testcase classname="com.epam.cdp.calc_unit_tests.tests.SubCalcTestLong" name="subTest" time="0.007"/>
  <testcase classname="com.epam.cdp.calc_unit_tests.tests.SubCalcTestDouble" name="subTest" time="0.0"/>
  <testcase classname="com.epam.cdp.calc_unit_tests.tests.SubCalcTestDouble" name="subTest" time="0.0"/>
</testsuite> <!-- Sub Tests -->
