<?xml version="1.0" encoding="UTF-8"?>
<!-- Generated by org.testng.reporters.JUnitXMLReporter -->
<testsuite ignored="0" hostname="DESKTOP-2AFDCIK" failures="0" tests="6" name="Boolean tests" time="0.002" errors="0" timestamp="26 июн. 2018 16:37:17 GMT">
  <testcase classname="com.epam.cdp.CalcUnitTests.Tests.IsPositiveCalcTestLong" name="isPositiveTest" time="0.0"/>
  <testcase classname="com.epam.cdp.CalcUnitTests.Tests.IsPositiveCalcTestLong" name="isPositiveTest" time="0.0"/>
  <testcase classname="com.epam.cdp.CalcUnitTests.Tests.IsPositiveCalcTestLong" name="isPositiveTest" time="0.0"/>
  <testcase classname="com.epam.cdp.CalcUnitTests.Tests.IsNegativeCalcTestLong" name="isNegativeTest" time="0.0"/>
  <testcase classname="com.epam.cdp.CalcUnitTests.Tests.IsNegativeCalcTestLong" name="isNegativeTest" time="0.0"/>
  <testcase classname="com.epam.cdp.CalcUnitTests.Tests.IsNegativeCalcTestLong" name="isNegativeTest" time="0.0"/>
</testsuite> <!-- Boolean tests -->
