<?xml version="1.0" encoding="UTF-8"?>
<!-- Generated by org.testng.reporters.JUnitXMLReporter -->
<testsuite ignored="0" hostname="DESKTOP-2AFDCIK" failures="1" tests="4" name="Sqrt Tests" time="0.002" errors="0" timestamp="26 июн. 2018 16:37:17 GMT">
  <testcase classname="SqrtCalcTestDouble" name="sqrtTest" time="0.0">
    <failure type="org.testng.TestException" message="
Method SqrtCalcTestDouble.sqrtTest()[pri:0, instance:SqrtCalcTestDouble@9225652] should have thrown an exception of type class java.lang.Exception">
      <![CDATA[org.testng.TestException: 
Method SqrtCalcTestDouble.sqrtTest()[pri:0, instance:SqrtCalcTestDouble@9225652] should have thrown an exception of type class java.lang.Exception
at Runners.CalcTestsRunner.main(CalcTestsRunner.java:24)
... Removed 20 stack frames]]>
    </failure>
  </testcase> <!-- sqrtTest -->
  <testcase classname="SqrtCalcTestDouble" name="sqrtTest" time="0.0"/>
  <testcase classname="SqrtCalcTestDouble" name="sqrtTest" time="0.0"/>
  <testcase classname="SqrtCalcTestDouble" name="sqrtTest" time="0.0"/>
</testsuite> <!-- Sqrt Tests -->
