<?xml version="1.0" encoding="UTF-8"?>
<!-- Generated by org.testng.reporters.JUnitXMLReporter -->
<testsuite ignored="0" hostname="DESKTOP-2AFDCIK" failures="0" tests="12" name="Sub Tests" time="0.047" errors="0" timestamp="26 июн. 2018 16:37:17 GMT">
  <testcase classname="SubCalcTestLong" name="subTest" time="0.002"/>
  <testcase classname="SubCalcTestLong" name="subTest" time="0.0"/>
  <testcase classname="SubCalcTestLong" name="subTest" time="0.0"/>
  <testcase classname="SubCalcTestLong" name="subTest" time="0.0"/>
  <testcase classname="SubCalcTestLong" name="subTest" time="0.0"/>
  <testcase classname="SubCalcTestLong" name="subTest" time="0.0"/>
  <testcase classname="SubCalcTestLong" name="subTest" time="0.0"/>
  <testcase classname="SubCalcTestLong" name="subTest" time="0.0"/>
  <testcase classname="SubCalcTestLong" name="subTest" time="0.001"/>
  <testcase classname="SubCalcTestDouble" name="subTest" time="0.001"/>
  <testcase classname="SubCalcTestDouble" name="subTest" time="0.0"/>
  <testcase classname="SubCalcTestDouble" name="subTest" time="0.0"/>
</testsuite> <!-- Sub Tests -->
