<?xml version="1.0" encoding="UTF-8"?>
<testng-results ignored="0" total="13" passed="11" failed="2" skipped="0">
  <reporter-output>
  </reporter-output>
  <suite started-at="2018-06-28T16:18:30Z" name="Main Operations" finished-at="2018-06-28T16:18:30Z" duration-ms="110">
    <groups>
      <group name="Smoke">
        <method signature="SubCalcTestDouble.subTest(double, double, double)[pri:0, instance:com.epam.cdp.CalcUnitTests.Tests.SubCalcTestDouble@b2c5e07]" name="subTest" class="com.epam.cdp.CalcUnitTests.Tests.SubCalcTestDouble"/>
        <method signature="SubCalcTestLong.subTest(long, long, long)[pri:0, instance:com.epam.cdp.CalcUnitTests.Tests.SubCalcTestLong@29ca3d04]" name="subTest" class="com.epam.cdp.CalcUnitTests.Tests.SubCalcTestLong"/>
        <method signature="MultCalcTestDouble.multTest(double, double, double)[pri:0, instance:com.epam.cdp.CalcUnitTests.Tests.MultCalcTestDouble@177bea38]" name="multTest" class="com.epam.cdp.CalcUnitTests.Tests.MultCalcTestDouble"/>
        <method signature="MultCalcTestLong.multTest(long, long, long)[pri:0, instance:com.epam.cdp.CalcUnitTests.Tests.MultCalcTestLong@ee86bcb]" name="multTest" class="com.epam.cdp.CalcUnitTests.Tests.MultCalcTestLong"/>
      </group> <!-- Smoke -->
    </groups>
    <test started-at="2018-06-28T16:18:30Z" name="Sub Tests" finished-at="2018-06-28T16:18:30Z" duration-ms="47">
      <class name="com.epam.cdp.CalcUnitTests.Tests.SubCalcTestLong">
        <test-method is-config="true" signature="preCondition()[pri:0, instance:com.epam.cdp.CalcUnitTests.Tests.SubCalcTestLong@29ca3d04]" started-at="2018-06-28T16:18:30Z" name="preCondition" finished-at="2018-06-28T16:18:30Z" duration-ms="16" status="PASS">
          <reporter-output>
          </reporter-output>
        </test-method> <!-- preCondition -->
        <test-method signature="subTest(long, long, long)[pri:0, instance:com.epam.cdp.CalcUnitTests.Tests.SubCalcTestLong@29ca3d04]" started-at="2018-06-28T16:18:30Z" name="subTest" finished-at="2018-06-28T16:18:30Z" duration-ms="15" status="PASS">
          <params>
            <param index="0">
              <value>
                <![CDATA[84]]>
              </value>
            </param>
            <param index="1">
              <value>
                <![CDATA[6]]>
              </value>
            </param>
            <param index="2">
              <value>
                <![CDATA[78]]>
              </value>
            </param>
          </params>
          <reporter-output>
          </reporter-output>
        </test-method> <!-- subTest -->
      </class> <!-- com.epam.cdp.CalcUnitTests.Tests.SubCalcTestLong -->
      <class name="com.epam.cdp.CalcUnitTests.Tests.SubCalcTestDouble">
        <test-method is-config="true" signature="preCondition()[pri:0, instance:com.epam.cdp.CalcUnitTests.Tests.SubCalcTestDouble@b2c5e07]" started-at="2018-06-28T16:18:30Z" name="preCondition" finished-at="2018-06-28T16:18:30Z" duration-ms="16" status="PASS">
          <reporter-output>
          </reporter-output>
        </test-method> <!-- preCondition -->
        <test-method signature="subTest(double, double, double)[pri:0, instance:com.epam.cdp.CalcUnitTests.Tests.SubCalcTestDouble@b2c5e07]" started-at="2018-06-28T16:18:30Z" name="subTest" data-provider="valuesForSubTest" finished-at="2018-06-28T16:18:30Z" duration-ms="15" status="PASS">
          <params>
            <param index="0">
              <value>
                <![CDATA[1.25]]>
              </value>
            </param>
            <param index="1">
              <value>
                <![CDATA[0.05]]>
              </value>
            </param>
            <param index="2">
              <value>
                <![CDATA[1.2]]>
              </value>
            </param>
          </params>
          <reporter-output>
          </reporter-output>
        </test-method> <!-- subTest -->
        <test-method signature="subTest(double, double, double)[pri:0, instance:com.epam.cdp.CalcUnitTests.Tests.SubCalcTestDouble@b2c5e07]" started-at="2018-06-28T16:18:30Z" name="subTest" data-provider="valuesForSubTest" finished-at="2018-06-28T16:18:30Z" duration-ms="0" status="PASS">
          <params>
            <param index="0">
              <value>
                <![CDATA[1.22222]]>
              </value>
            </param>
            <param index="1">
              <value>
                <![CDATA[0.11111]]>
              </value>
            </param>
            <param index="2">
              <value>
                <![CDATA[1.11111]]>
              </value>
            </param>
          </params>
          <reporter-output>
          </reporter-output>
        </test-method> <!-- subTest -->
        <test-method signature="subTest(double, double, double)[pri:0, instance:com.epam.cdp.CalcUnitTests.Tests.SubCalcTestDouble@b2c5e07]" started-at="2018-06-28T16:18:30Z" name="subTest" data-provider="valuesForSubTest" finished-at="2018-06-28T16:18:30Z" duration-ms="0" status="PASS">
          <params>
            <param index="0">
              <value>
                <![CDATA[1.25]]>
              </value>
            </param>
            <param index="1">
              <value>
                <![CDATA[1.5]]>
              </value>
            </param>
            <param index="2">
              <value>
                <![CDATA[-0.25]]>
              </value>
            </param>
          </params>
          <reporter-output>
          </reporter-output>
        </test-method> <!-- subTest -->
      </class> <!-- com.epam.cdp.CalcUnitTests.Tests.SubCalcTestDouble -->
    </test> <!-- Sub Tests -->
    <test started-at="2018-06-28T16:18:30Z" name="Mult Tests" finished-at="2018-06-28T16:18:30Z" duration-ms="0">
      <class name="com.epam.cdp.CalcUnitTests.Tests.MultCalcTestDouble">
        <test-method signature="multTest(double, double, double)[pri:0, instance:com.epam.cdp.CalcUnitTests.Tests.MultCalcTestDouble@177bea38]" started-at="2018-06-28T16:18:30Z" name="multTest" data-provider="valuesForMultTest" finished-at="2018-06-28T16:18:30Z" duration-ms="0" status="PASS">
          <params>
            <param index="0">
              <value>
                <![CDATA[1.0]]>
              </value>
            </param>
            <param index="1">
              <value>
                <![CDATA[2.0]]>
              </value>
            </param>
            <param index="2">
              <value>
                <![CDATA[2.0]]>
              </value>
            </param>
          </params>
          <reporter-output>
          </reporter-output>
        </test-method> <!-- multTest -->
        <test-method is-config="true" signature="preCondition()[pri:0, instance:com.epam.cdp.CalcUnitTests.Tests.MultCalcTestDouble@177bea38]" started-at="2018-06-28T16:18:30Z" name="preCondition" finished-at="2018-06-28T16:18:30Z" duration-ms="0" status="PASS">
          <reporter-output>
          </reporter-output>
        </test-method> <!-- preCondition -->
        <test-method signature="multTest(double, double, double)[pri:0, instance:com.epam.cdp.CalcUnitTests.Tests.MultCalcTestDouble@177bea38]" started-at="2018-06-28T16:18:30Z" name="multTest" data-provider="valuesForMultTest" finished-at="2018-06-28T16:18:30Z" duration-ms="0" status="FAIL">
          <params>
            <param index="0">
              <value>
                <![CDATA[-1.11]]>
              </value>
            </param>
            <param index="1">
              <value>
                <![CDATA[1.11]]>
              </value>
            </param>
            <param index="2">
              <value>
                <![CDATA[-1.2321]]>
              </value>
            </param>
          </params>
          <exception class="java.lang.AssertionError">
            <message>
              <![CDATA[Sum operation is incorrect: -1.11 * 1.11 = -2.0 expected [-1.2321] but found [-2.0]]]>
            </message>
            <full-stacktrace>
              <![CDATA[java.lang.AssertionError: Sum operation is incorrect: -1.11 * 1.11 = -2.0 expected [-1.2321] but found [-2.0]
at org.testng.Assert.fail(Assert.java:96)
at org.testng.Assert.failNotEquals(Assert.java:776)
at org.testng.Assert.assertEqualsImpl(Assert.java:137)
at org.testng.Assert.assertEquals(Assert.java:118)
at com.epam.cdp.CalcUnitTests.Tests.MultCalcTestDouble.multTest(MultCalcTestDouble.java:13)
at java.base/jdk.internal.reflect.NativeMethodAccessorImpl.invoke0(Native Method)
at java.base/jdk.internal.reflect.NativeMethodAccessorImpl.invoke(NativeMethodAccessorImpl.java:62)
at java.base/jdk.internal.reflect.DelegatingMethodAccessorImpl.invoke(DelegatingMethodAccessorImpl.java:43)
at java.base/java.lang.reflect.Method.invoke(Method.java:564)
at org.testng.internal.MethodInvocationHelper.invokeMethod(MethodInvocationHelper.java:124)
at org.testng.internal.Invoker.invokeMethod(Invoker.java:583)
at org.testng.internal.Invoker.invokeTestMethod(Invoker.java:719)
at org.testng.internal.Invoker.invokeTestMethods(Invoker.java:989)
at org.testng.internal.TestMethodWorker.invokeTestMethods(TestMethodWorker.java:125)
at org.testng.internal.TestMethodWorker.run(TestMethodWorker.java:109)
at java.base/java.util.concurrent.ThreadPoolExecutor.runWorker(ThreadPoolExecutor.java:1167)
at java.base/java.util.concurrent.ThreadPoolExecutor$Worker.run(ThreadPoolExecutor.java:641)
at java.base/java.lang.Thread.run(Thread.java:844)
]]>
            </full-stacktrace>
          </exception> <!-- java.lang.AssertionError -->
          <reporter-output>
          </reporter-output>
        </test-method> <!-- multTest -->
        <test-method signature="multTest(double, double, double)[pri:0, instance:com.epam.cdp.CalcUnitTests.Tests.MultCalcTestDouble@177bea38]" started-at="2018-06-28T16:18:30Z" name="multTest" data-provider="valuesForMultTest" finished-at="2018-06-28T16:18:30Z" duration-ms="0" status="FAIL">
          <params>
            <param index="0">
              <value>
                <![CDATA[1.11]]>
              </value>
            </param>
            <param index="1">
              <value>
                <![CDATA[1.11]]>
              </value>
            </param>
            <param index="2">
              <value>
                <![CDATA[1.2321]]>
              </value>
            </param>
          </params>
          <exception class="java.lang.AssertionError">
            <message>
              <![CDATA[Sum operation is incorrect: 1.11 * 1.11 = 1.0 expected [1.2321] but found [1.0]]]>
            </message>
            <full-stacktrace>
              <![CDATA[java.lang.AssertionError: Sum operation is incorrect: 1.11 * 1.11 = 1.0 expected [1.2321] but found [1.0]
at org.testng.Assert.fail(Assert.java:96)
at org.testng.Assert.failNotEquals(Assert.java:776)
at org.testng.Assert.assertEqualsImpl(Assert.java:137)
at org.testng.Assert.assertEquals(Assert.java:118)
at com.epam.cdp.CalcUnitTests.Tests.MultCalcTestDouble.multTest(MultCalcTestDouble.java:13)
at java.base/jdk.internal.reflect.NativeMethodAccessorImpl.invoke0(Native Method)
at java.base/jdk.internal.reflect.NativeMethodAccessorImpl.invoke(NativeMethodAccessorImpl.java:62)
at java.base/jdk.internal.reflect.DelegatingMethodAccessorImpl.invoke(DelegatingMethodAccessorImpl.java:43)
at java.base/java.lang.reflect.Method.invoke(Method.java:564)
at org.testng.internal.MethodInvocationHelper.invokeMethod(MethodInvocationHelper.java:124)
at org.testng.internal.Invoker.invokeMethod(Invoker.java:583)
at org.testng.internal.Invoker.invokeTestMethod(Invoker.java:719)
at org.testng.internal.Invoker.invokeTestMethods(Invoker.java:989)
at org.testng.internal.TestMethodWorker.invokeTestMethods(TestMethodWorker.java:125)
at org.testng.internal.TestMethodWorker.run(TestMethodWorker.java:109)
at java.base/java.util.concurrent.ThreadPoolExecutor.runWorker(ThreadPoolExecutor.java:1167)
at java.base/java.util.concurrent.ThreadPoolExecutor$Worker.run(ThreadPoolExecutor.java:641)
at java.base/java.lang.Thread.run(Thread.java:844)
]]>
            </full-stacktrace>
          </exception> <!-- java.lang.AssertionError -->
          <reporter-output>
          </reporter-output>
        </test-method> <!-- multTest -->
      </class> <!-- com.epam.cdp.CalcUnitTests.Tests.MultCalcTestDouble -->
      <class name="com.epam.cdp.CalcUnitTests.Tests.MultCalcTestLong">
        <test-method signature="multTest(long, long, long)[pri:0, instance:com.epam.cdp.CalcUnitTests.Tests.MultCalcTestLong@ee86bcb]" started-at="2018-06-28T16:18:30Z" name="multTest" data-provider="valuesForMultTest" finished-at="2018-06-28T16:18:30Z" duration-ms="0" status="PASS">
          <params>
            <param index="0">
              <value>
                <![CDATA[1]]>
              </value>
            </param>
            <param index="1">
              <value>
                <![CDATA[1]]>
              </value>
            </param>
            <param index="2">
              <value>
                <![CDATA[1]]>
              </value>
            </param>
          </params>
          <reporter-output>
          </reporter-output>
        </test-method> <!-- multTest -->
        <test-method signature="multTest(long, long, long)[pri:0, instance:com.epam.cdp.CalcUnitTests.Tests.MultCalcTestLong@ee86bcb]" started-at="2018-06-28T16:18:30Z" name="multTest" data-provider="valuesForMultTest" finished-at="2018-06-28T16:18:30Z" duration-ms="0" status="PASS">
          <params>
            <param index="0">
              <value>
                <![CDATA[-2]]>
              </value>
            </param>
            <param index="1">
              <value>
                <![CDATA[5]]>
              </value>
            </param>
            <param index="2">
              <value>
                <![CDATA[-10]]>
              </value>
            </param>
          </params>
          <reporter-output>
          </reporter-output>
        </test-method> <!-- multTest -->
        <test-method signature="multTest(long, long, long)[pri:0, instance:com.epam.cdp.CalcUnitTests.Tests.MultCalcTestLong@ee86bcb]" started-at="2018-06-28T16:18:30Z" name="multTest" data-provider="valuesForMultTest" finished-at="2018-06-28T16:18:30Z" duration-ms="0" status="PASS">
          <params>
            <param index="0">
              <value>
                <![CDATA[5]]>
              </value>
            </param>
            <param index="1">
              <value>
                <![CDATA[0]]>
              </value>
            </param>
            <param index="2">
              <value>
                <![CDATA[0]]>
              </value>
            </param>
          </params>
          <reporter-output>
          </reporter-output>
        </test-method> <!-- multTest -->
        <test-method signature="multTest(long, long, long)[pri:0, instance:com.epam.cdp.CalcUnitTests.Tests.MultCalcTestLong@ee86bcb]" started-at="2018-06-28T16:18:30Z" name="multTest" data-provider="valuesForMultTest" finished-at="2018-06-28T16:18:30Z" duration-ms="0" status="PASS">
          <params>
            <param index="0">
              <value>
                <![CDATA[2]]>
              </value>
            </param>
            <param index="1">
              <value>
                <![CDATA[2]]>
              </value>
            </param>
            <param index="2">
              <value>
                <![CDATA[4]]>
              </value>
            </param>
          </params>
          <reporter-output>
          </reporter-output>
        </test-method> <!-- multTest -->
        <test-method signature="multTest(long, long, long)[pri:0, instance:com.epam.cdp.CalcUnitTests.Tests.MultCalcTestLong@ee86bcb]" started-at="2018-06-28T16:18:30Z" name="multTest" data-provider="valuesForMultTest" finished-at="2018-06-28T16:18:30Z" duration-ms="0" status="PASS">
          <params>
            <param index="0">
              <value>
                <![CDATA[-2]]>
              </value>
            </param>
            <param index="1">
              <value>
                <![CDATA[-5]]>
              </value>
            </param>
            <param index="2">
              <value>
                <![CDATA[10]]>
              </value>
            </param>
          </params>
          <reporter-output>
          </reporter-output>
        </test-method> <!-- multTest -->
        <test-method is-config="true" signature="preCondition()[pri:0, instance:com.epam.cdp.CalcUnitTests.Tests.MultCalcTestLong@ee86bcb]" started-at="2018-06-28T16:18:30Z" name="preCondition" finished-at="2018-06-28T16:18:30Z" duration-ms="0" status="PASS">
          <reporter-output>
          </reporter-output>
        </test-method> <!-- preCondition -->
        <test-method signature="multTest(long, long, long)[pri:0, instance:com.epam.cdp.CalcUnitTests.Tests.MultCalcTestLong@ee86bcb]" started-at="2018-06-28T16:18:30Z" name="multTest" data-provider="valuesForMultTest" finished-at="2018-06-28T16:18:30Z" duration-ms="0" status="PASS">
          <params>
            <param index="0">
              <value>
                <![CDATA[0]]>
              </value>
            </param>
            <param index="1">
              <value>
                <![CDATA[0]]>
              </value>
            </param>
            <param index="2">
              <value>
                <![CDATA[0]]>
              </value>
            </param>
          </params>
          <reporter-output>
          </reporter-output>
        </test-method> <!-- multTest -->
      </class> <!-- com.epam.cdp.CalcUnitTests.Tests.MultCalcTestLong -->
    </test> <!-- Mult Tests -->
  </suite> <!-- Main Operations -->
  <suite started-at="2018-06-28T16:18:30Z" name="All Tests" finished-at="2018-06-28T16:18:30Z" duration-ms="0">
    <groups>
    </groups>
  </suite> <!-- All Tests -->
</testng-results>
