<?xml version="1.0" encoding="UTF-8"?>
<!-- Generated by org.testng.reporters.JUnitReportReporter -->
<testsuite hostname="DESKTOP-2AFDCIK" failures="0" tests="3" name="com.epam.cdp.CalcUnitTests.Tests.IsNegativeCalcTestLong" time="0.000" errors="0" timestamp="28 июн. 2018 16:05:34 GMT" skipped="0">
  <testcase classname="com.epam.cdp.CalcUnitTests.Tests.IsNegativeCalcTestLong" name="isNegativeTest" time="0.000"/>
  <testcase classname="com.epam.cdp.CalcUnitTests.Tests.IsNegativeCalcTestLong" name="isNegativeTest" time="0.000"/>
  <testcase classname="com.epam.cdp.CalcUnitTests.Tests.IsNegativeCalcTestLong" name="isNegativeTest" time="0.000"/>
</testsuite> <!-- com.epam.cdp.CalcUnitTests.Tests.IsNegativeCalcTestLong -->
