<?xml version="1.0" encoding="UTF-8"?>
<!-- Generated by org.testng.reporters.JUnitReportReporter -->
<testsuite hostname="DESKTOP-2AFDCIK" failures="0" tests="3" name="com.epam.cdp.calc_unit_tests.tests.IsNegativeCalcTestLong" time="0.000" errors="0" timestamp="04 июл. 2018 18:22:09 GMT" skipped="0">
  <testcase classname="com.epam.cdp.calc_unit_tests.tests.IsNegativeCalcTestLong" name="isNegativeTest" time="0.000"/>
  <testcase classname="com.epam.cdp.calc_unit_tests.tests.IsNegativeCalcTestLong" name="isNegativeTest" time="0.000"/>
  <testcase classname="com.epam.cdp.calc_unit_tests.tests.IsNegativeCalcTestLong" name="isNegativeTest" time="0.000"/>
</testsuite> <!-- com.epam.cdp.calc_unit_tests.tests.IsNegativeCalcTestLong -->
