<?xml version="1.0" encoding="UTF-8"?>
<!-- Generated by org.testng.reporters.JUnitXMLReporter -->
<testsuite ignored="0" hostname="DESKTOP-2AFDCIK" failures="0" tests="6" name="Boolean tests" time="0.003" errors="0" timestamp="04 июл. 2018 18:22:09 GMT">
  <testcase classname="com.epam.cdp.calc_unit_tests.tests.IsPositiveCalcTestLong" name="isPositiveTest" time="0.0"/>
  <testcase classname="com.epam.cdp.calc_unit_tests.tests.IsPositiveCalcTestLong" name="isPositiveTest" time="0.0"/>
  <testcase classname="com.epam.cdp.calc_unit_tests.tests.IsPositiveCalcTestLong" name="isPositiveTest" time="0.0"/>
  <testcase classname="com.epam.cdp.calc_unit_tests.tests.IsNegativeCalcTestLong" name="isNegativeTest" time="0.0"/>
  <testcase classname="com.epam.cdp.calc_unit_tests.tests.IsNegativeCalcTestLong" name="isNegativeTest" time="0.0"/>
  <testcase classname="com.epam.cdp.calc_unit_tests.tests.IsNegativeCalcTestLong" name="isNegativeTest" time="0.0"/>
</testsuite> <!-- Boolean tests -->
